0 info it worked if it ends with ok
1 verbose cli [ '/usr/local/bin/node', '/usr/local/bin/npm', 'run', 'sync' ]
2 info using npm@2.15.8
3 info using node@v4.4.7
4 verbose run-script [ 'presync', 'sync', 'postsync' ]
5 info presync vue-mui@0.0.0
6 info sync vue-mui@0.0.0
7 verbose unsafe-perm in lifecycle true
8 info vue-mui@0.0.0 Failed to exec sync script
9 verbose stack Error: vue-mui@0.0.0 sync: `./build/sync_styles.rb`
9 verbose stack Exit status 1
9 verbose stack     at EventEmitter.<anonymous> (/usr/local/lib/node_modules/npm/lib/utils/lifecycle.js:217:16)
9 verbose stack     at emitTwo (events.js:87:13)
9 verbose stack     at EventEmitter.emit (events.js:172:7)
9 verbose stack     at ChildProcess.<anonymous> (/usr/local/lib/node_modules/npm/lib/utils/spawn.js:24:14)
9 verbose stack     at emitTwo (events.js:87:13)
9 verbose stack     at ChildProcess.emit (events.js:172:7)
9 verbose stack     at maybeClose (internal/child_process.js:827:16)
9 verbose stack     at Process.ChildProcess._handle.onexit (internal/child_process.js:211:5)
10 verbose pkgid vue-mui@0.0.0
11 verbose cwd /Users/feizheng/github/vue-mui
12 error Darwin 15.5.0
13 error argv "/usr/local/bin/node" "/usr/local/bin/npm" "run" "sync"
14 error node v4.4.7
15 error npm  v2.15.8
16 error code ELIFECYCLE
17 error vue-mui@0.0.0 sync: `./build/sync_styles.rb`
17 error Exit status 1
18 error Failed at the vue-mui@0.0.0 sync script './build/sync_styles.rb'.
18 error This is most likely a problem with the vue-mui package,
18 error not with npm itself.
18 error Tell the author that this fails on your system:
18 error     ./build/sync_styles.rb
18 error You can get information on how to open an issue for this project with:
18 error     npm bugs vue-mui
18 error Or if that isn't available, you can get their info via:
18 error
18 error     npm owner ls vue-mui
18 error There is likely additional logging output above.
19 verbose exit [ 1, true ]
